Array
(
    [REQUEST_METHOD] => GET
    [REQUEST_URI] => /
    [PATH_INFO] => /
    [REQUEST_TIME] => 1548224532
    [REQUEST_TIME_FLOAT] => 1548224533.0275
    [SERVER_PORT] => 91
    [REMOTE_PORT] => 61714
    [REMOTE_ADDR] => 192.168.33.1
    [MASTER_TIME] => 1548224532
    [SERVER_PROTOCOL] => HTTP/1.1
    [SERVER_SOFTWARE] => swoole-http-server
)
Array
(
    [REQUEST_METHOD] => GET
    [REQUEST_URI] => /dist/images/bg.jpg
    [PATH_INFO] => /dist/images/bg.jpg
    [REQUEST_TIME] => 1548224532
    [REQUEST_TIME_FLOAT] => 1548224533.2726
    [SERVER_PORT] => 91
    [REMOTE_PORT] => 61714
    [REMOTE_ADDR] => 192.168.33.1
    [MASTER_TIME] => 1548224532
    [SERVER_PROTOCOL] => HTTP/1.1
    [SERVER_SOFTWARE] => swoole-http-server
)
Array
(
    [REQUEST_METHOD] => GET
    [REQUEST_URI] => /favicon.ico
    [PATH_INFO] => /favicon.ico
    [REQUEST_TIME] => 1548224532
    [REQUEST_TIME_FLOAT] => 1548224533.4622
    [SERVER_PORT] => 91
    [REMOTE_PORT] => 61714
    [REMOTE_ADDR] => 192.168.33.1
    [MASTER_TIME] => 1548224532
    [SERVER_PROTOCOL] => HTTP/1.1
    [SERVER_SOFTWARE] => swoole-http-server
)
Array
(
    [REQUEST_METHOD] => GET
    [REQUEST_URI] => /
    [PATH_INFO] => /
    [REQUEST_TIME] => 1548224534
    [REQUEST_TIME_FLOAT] => 1548224535.3882
    [SERVER_PORT] => 91
    [REMOTE_PORT] => 61714
    [REMOTE_ADDR] => 192.168.33.1
    [MASTER_TIME] => 1548224534
    [SERVER_PROTOCOL] => HTTP/1.1
    [SERVER_SOFTWARE] => swoole-http-server
)
Array
(
    [REQUEST_METHOD] => GET
    [REQUEST_URI] => /dist/images/bg.jpg
    [PATH_INFO] => /dist/images/bg.jpg
    [REQUEST_TIME] => 1548224534
    [REQUEST_TIME_FLOAT] => 1548224535.5057
    [SERVER_PORT] => 91
    [REMOTE_PORT] => 61714
    [REMOTE_ADDR] => 192.168.33.1
    [MASTER_TIME] => 1548224534
    [SERVER_PROTOCOL] => HTTP/1.1
    [SERVER_SOFTWARE] => swoole-http-server
)
Array
(
    [REQUEST_METHOD] => GET
    [REQUEST_URI] => /favicon.ico
    [PATH_INFO] => /favicon.ico
    [REQUEST_TIME] => 1548224534
    [REQUEST_TIME_FLOAT] => 1548224535.6126
    [SERVER_PORT] => 91
    [REMOTE_PORT] => 61714
    [REMOTE_ADDR] => 192.168.33.1
    [MASTER_TIME] => 1548224534
    [SERVER_PROTOCOL] => HTTP/1.1
    [SERVER_SOFTWARE] => swoole-http-server
)
Array
(
    [REQUEST_METHOD] => GET
    [REQUEST_URI] => /
    [PATH_INFO] => /
    [REQUEST_TIME] => 1548224569
    [REQUEST_TIME_FLOAT] => 1548224570.0723
    [SERVER_PORT] => 91
    [REMOTE_PORT] => 61714
    [REMOTE_ADDR] => 192.168.33.1
    [MASTER_TIME] => 1548224569
    [SERVER_PROTOCOL] => HTTP/1.1
    [SERVER_SOFTWARE] => swoole-http-server
)
Array
(
    [REQUEST_METHOD] => GET
    [REQUEST_URI] => /dist/images/bg.jpg
    [PATH_INFO] => /dist/images/bg.jpg
    [REQUEST_TIME] => 1548224569
    [REQUEST_TIME_FLOAT] => 1548224570.3393
    [SERVER_PORT] => 91
    [REMOTE_PORT] => 61714
    [REMOTE_ADDR] => 192.168.33.1
    [MASTER_TIME] => 1548224569
    [SERVER_PROTOCOL] => HTTP/1.1
    [SERVER_SOFTWARE] => swoole-http-server
)
Array
(
    [REQUEST_METHOD] => GET
    [REQUEST_URI] => /favicon.ico
    [PATH_INFO] => /favicon.ico
    [REQUEST_TIME] => 1548224569
    [REQUEST_TIME_FLOAT] => 1548224570.5551
    [SERVER_PORT] => 91
    [REMOTE_PORT] => 61714
    [REMOTE_ADDR] => 192.168.33.1
    [MASTER_TIME] => 1548224569
    [SERVER_PROTOCOL] => HTTP/1.1
    [SERVER_SOFTWARE] => swoole-http-server
)
Array
(
    [REQUEST_METHOD] => GET
    [REQUEST_URI] => /
    [PATH_INFO] => /
    [REQUEST_TIME] => 1548225295
    [REQUEST_TIME_FLOAT] => 1548225295.797
    [SERVER_PORT] => 91
    [REMOTE_PORT] => 63003
    [REMOTE_ADDR] => 192.168.33.1
    [MASTER_TIME] => 1548225295
    [SERVER_PROTOCOL] => HTTP/1.1
    [SERVER_SOFTWARE] => swoole-http-server
)
Array
(
    [REQUEST_METHOD] => GET
    [REQUEST_URI] => /dist/images/bg.jpg
    [PATH_INFO] => /dist/images/bg.jpg
    [REQUEST_TIME] => 1548225295
    [REQUEST_TIME_FLOAT] => 1548225296.0321
    [SERVER_PORT] => 91
    [REMOTE_PORT] => 63003
    [REMOTE_ADDR] => 192.168.33.1
    [MASTER_TIME] => 1548225295
    [SERVER_PROTOCOL] => HTTP/1.1
    [SERVER_SOFTWARE] => swoole-http-server
)
Array
(
    [REQUEST_METHOD] => GET
    [REQUEST_URI] => /favicon.ico
    [PATH_INFO] => /favicon.ico
    [REQUEST_TIME] => 1548225296
    [REQUEST_TIME_FLOAT] => 1548225296.1936
    [SERVER_PORT] => 91
    [REMOTE_PORT] => 63003
    [REMOTE_ADDR] => 192.168.33.1
    [MASTER_TIME] => 1548225296
    [SERVER_PROTOCOL] => HTTP/1.1
    [SERVER_SOFTWARE] => swoole-http-server
)
Array
(
    [REQUEST_METHOD] => GET
    [REQUEST_URI] => /
    [PATH_INFO] => /
    [REQUEST_TIME] => 1548225297
    [REQUEST_TIME_FLOAT] => 1548225297.8852
    [SERVER_PORT] => 91
    [REMOTE_PORT] => 63003
    [REMOTE_ADDR] => 192.168.33.1
    [MASTER_TIME] => 1548225297
    [SERVER_PROTOCOL] => HTTP/1.1
    [SERVER_SOFTWARE] => swoole-http-server
)
Array
(
    [REQUEST_METHOD] => GET
    [REQUEST_URI] => /dist/images/bg.jpg
    [PATH_INFO] => /dist/images/bg.jpg
    [REQUEST_TIME] => 1548225297
    [REQUEST_TIME_FLOAT] => 1548225298.0095
    [SERVER_PORT] => 91
    [REMOTE_PORT] => 63003
    [REMOTE_ADDR] => 192.168.33.1
    [MASTER_TIME] => 1548225297
    [SERVER_PROTOCOL] => HTTP/1.1
    [SERVER_SOFTWARE] => swoole-http-server
)
Array
(
    [REQUEST_METHOD] => GET
    [REQUEST_URI] => /favicon.ico
    [PATH_INFO] => /favicon.ico
    [REQUEST_TIME] => 1548225298
    [REQUEST_TIME_FLOAT] => 1548225298.1335
    [SERVER_PORT] => 91
    [REMOTE_PORT] => 63003
    [REMOTE_ADDR] => 192.168.33.1
    [MASTER_TIME] => 1548225298
    [SERVER_PROTOCOL] => HTTP/1.1
    [SERVER_SOFTWARE] => swoole-http-server
)
Array
(
    [REQUEST_METHOD] => GET
    [REQUEST_URI] => /
    [PATH_INFO] => /
    [REQUEST_TIME] => 1548296679
    [REQUEST_TIME_FLOAT] => 1548296680.0074
    [SERVER_PORT] => 91
    [REMOTE_PORT] => 54812
    [REMOTE_ADDR] => 192.168.33.1
    [MASTER_TIME] => 1548296679
    [SERVER_PROTOCOL] => HTTP/1.1
    [SERVER_SOFTWARE] => swoole-http-server
)
Array
(
    [REQUEST_METHOD] => GET
    [REQUEST_URI] => /dist/images/bg.jpg
    [PATH_INFO] => /dist/images/bg.jpg
    [REQUEST_TIME] => 1548296679
    [REQUEST_TIME_FLOAT] => 1548296680.4021
    [SERVER_PORT] => 91
    [REMOTE_PORT] => 54812
    [REMOTE_ADDR] => 192.168.33.1
    [MASTER_TIME] => 1548296679
    [SERVER_PROTOCOL] => HTTP/1.1
    [SERVER_SOFTWARE] => swoole-http-server
)
Array
(
    [REQUEST_METHOD] => GET
    [REQUEST_URI] => /favicon.ico
    [PATH_INFO] => /favicon.ico
    [REQUEST_TIME] => 1548296680
    [REQUEST_TIME_FLOAT] => 1548296680.6425
    [SERVER_PORT] => 91
    [REMOTE_PORT] => 54812
    [REMOTE_ADDR] => 192.168.33.1
    [MASTER_TIME] => 1548296680
    [SERVER_PROTOCOL] => HTTP/1.1
    [SERVER_SOFTWARE] => swoole-http-server
)
Array
(
    [REQUEST_METHOD] => GET
    [REQUEST_URI] => /favicon.ico
    [PATH_INFO] => /favicon.ico
    [REQUEST_TIME] => 1548296834
    [REQUEST_TIME_FLOAT] => 1548296835.0772
    [SERVER_PORT] => 91
    [REMOTE_PORT] => 54837
    [REMOTE_ADDR] => 192.168.33.1
    [MASTER_TIME] => 1548296834
    [SERVER_PROTOCOL] => HTTP/1.1
    [SERVER_SOFTWARE] => swoole-http-server
)
Array
(
    [REQUEST_METHOD] => GET
    [REQUEST_URI] => /favicon.ico
    [PATH_INFO] => /favicon.ico
    [REQUEST_TIME] => 1548296844
    [REQUEST_TIME_FLOAT] => 1548296844.9052
    [SERVER_PORT] => 91
    [REMOTE_PORT] => 54837
    [REMOTE_ADDR] => 192.168.33.1
    [MASTER_TIME] => 1548296844
    [SERVER_PROTOCOL] => HTTP/1.1
    [SERVER_SOFTWARE] => swoole-http-server
)
Array
(
    [REQUEST_METHOD] => GET
    [REQUEST_URI] => /
    [PATH_INFO] => /
    [REQUEST_TIME] => 1548297537
    [REQUEST_TIME_FLOAT] => 1548297538.0283
    [SERVER_PORT] => 91
    [REMOTE_PORT] => 54934
    [REMOTE_ADDR] => 192.168.33.1
    [MASTER_TIME] => 1548297537
    [SERVER_PROTOCOL] => HTTP/1.1
    [SERVER_SOFTWARE] => swoole-http-server
)
Array
(
    [REQUEST_METHOD] => GET
    [REQUEST_URI] => /dist/images/bg.jpg
    [PATH_INFO] => /dist/images/bg.jpg
    [REQUEST_TIME] => 1548297537
    [REQUEST_TIME_FLOAT] => 1548297538.2009
    [SERVER_PORT] => 91
    [REMOTE_PORT] => 54934
    [REMOTE_ADDR] => 192.168.33.1
    [MASTER_TIME] => 1548297537
    [SERVER_PROTOCOL] => HTTP/1.1
    [SERVER_SOFTWARE] => swoole-http-server
)
Array
(
    [REQUEST_METHOD] => GET
    [REQUEST_URI] => /favicon.ico
    [PATH_INFO] => /favicon.ico
    [REQUEST_TIME] => 1548297537
    [REQUEST_TIME_FLOAT] => 1548297538.3437
    [SERVER_PORT] => 91
    [REMOTE_PORT] => 54934
    [REMOTE_ADDR] => 192.168.33.1
    [MASTER_TIME] => 1548297537
    [SERVER_PROTOCOL] => HTTP/1.1
    [SERVER_SOFTWARE] => swoole-http-server
)
Array
(
    [REQUEST_METHOD] => GET
    [REQUEST_URI] => /
    [PATH_INFO] => /
    [REQUEST_TIME] => 1548299618
    [REQUEST_TIME_FLOAT] => 1548299619.0058
    [SERVER_PORT] => 91
    [REMOTE_PORT] => 55364
    [REMOTE_ADDR] => 192.168.33.1
    [MASTER_TIME] => 1548299618
    [SERVER_PROTOCOL] => HTTP/1.1
    [SERVER_SOFTWARE] => swoole-http-server
)
Array
(
    [REQUEST_METHOD] => GET
    [REQUEST_URI] => /dist/images/bg.jpg
    [PATH_INFO] => /dist/images/bg.jpg
    [REQUEST_TIME] => 1548299618
    [REQUEST_TIME_FLOAT] => 1548299619.2701
    [SERVER_PORT] => 91
    [REMOTE_PORT] => 55364
    [REMOTE_ADDR] => 192.168.33.1
    [MASTER_TIME] => 1548299618
    [SERVER_PROTOCOL] => HTTP/1.1
    [SERVER_SOFTWARE] => swoole-http-server
)
Array
(
    [REQUEST_METHOD] => GET
    [REQUEST_URI] => /favicon.ico
    [PATH_INFO] => /favicon.ico
    [REQUEST_TIME] => 1548299618
    [REQUEST_TIME_FLOAT] => 1548299619.4263
    [SERVER_PORT] => 91
    [REMOTE_PORT] => 55364
    [REMOTE_ADDR] => 192.168.33.1
    [MASTER_TIME] => 1548299618
    [SERVER_PROTOCOL] => HTTP/1.1
    [SERVER_SOFTWARE] => swoole-http-server
)
Array
(
    [REQUEST_METHOD] => GET
    [REQUEST_URI] => /
    [PATH_INFO] => /
    [REQUEST_TIME] => 1548299620
    [REQUEST_TIME_FLOAT] => 1548299620.6639
    [SERVER_PORT] => 91
    [REMOTE_PORT] => 55364
    [REMOTE_ADDR] => 192.168.33.1
    [MASTER_TIME] => 1548299620
    [SERVER_PROTOCOL] => HTTP/1.1
    [SERVER_SOFTWARE] => swoole-http-server
)
Array
(
    [REQUEST_METHOD] => GET
    [REQUEST_URI] => /dist/images/bg.jpg
    [PATH_INFO] => /dist/images/bg.jpg
    [REQUEST_TIME] => 1548299620
    [REQUEST_TIME_FLOAT] => 1548299620.8097
    [SERVER_PORT] => 91
    [REMOTE_PORT] => 55364
    [REMOTE_ADDR] => 192.168.33.1
    [MASTER_TIME] => 1548299620
    [SERVER_PROTOCOL] => HTTP/1.1
    [SERVER_SOFTWARE] => swoole-http-server
)
Array
(
    [REQUEST_METHOD] => GET
    [REQUEST_URI] => /
    [PATH_INFO] => /
    [REQUEST_TIME] => 1548299620
    [REQUEST_TIME_FLOAT] => 1548299620.9151
    [SERVER_PORT] => 91
    [REMOTE_PORT] => 55364
    [REMOTE_ADDR] => 192.168.33.1
    [MASTER_TIME] => 1548299620
    [SERVER_PROTOCOL] => HTTP/1.1
    [SERVER_SOFTWARE] => swoole-http-server
)
Array
(
    [REQUEST_METHOD] => GET
    [REQUEST_URI] => /dist/images/bg.jpg
    [PATH_INFO] => /dist/images/bg.jpg
    [REQUEST_TIME] => 1548299620
    [REQUEST_TIME_FLOAT] => 1548299621.075
    [SERVER_PORT] => 91
    [REMOTE_PORT] => 55364
    [REMOTE_ADDR] => 192.168.33.1
    [MASTER_TIME] => 1548299620
    [SERVER_PROTOCOL] => HTTP/1.1
    [SERVER_SOFTWARE] => swoole-http-server
)
Array
(
    [REQUEST_METHOD] => GET
    [REQUEST_URI] => /
    [PATH_INFO] => /
    [REQUEST_TIME] => 1548299620
    [REQUEST_TIME_FLOAT] => 1548299621.0979
    [SERVER_PORT] => 91
    [REMOTE_PORT] => 55364
    [REMOTE_ADDR] => 192.168.33.1
    [MASTER_TIME] => 1548299620
    [SERVER_PROTOCOL] => HTTP/1.1
    [SERVER_SOFTWARE] => swoole-http-server
)
Array
(
    [REQUEST_METHOD] => GET
    [REQUEST_URI] => /dist/images/bg.jpg
    [PATH_INFO] => /dist/images/bg.jpg
    [REQUEST_TIME] => 1548299620
    [REQUEST_TIME_FLOAT] => 1548299621.2088
    [SERVER_PORT] => 91
    [REMOTE_PORT] => 55364
    [REMOTE_ADDR] => 192.168.33.1
    [MASTER_TIME] => 1548299620
    [SERVER_PROTOCOL] => HTTP/1.1
    [SERVER_SOFTWARE] => swoole-http-server
)
Array
(
    [REQUEST_METHOD] => GET
    [REQUEST_URI] => /
    [PATH_INFO] => /
    [REQUEST_TIME] => 1548299620
    [REQUEST_TIME_FLOAT] => 1548299621.2863
    [SERVER_PORT] => 91
    [REMOTE_PORT] => 55364
    [REMOTE_ADDR] => 192.168.33.1
    [MASTER_TIME] => 1548299620
    [SERVER_PROTOCOL] => HTTP/1.1
    [SERVER_SOFTWARE] => swoole-http-server
)
Array
(
    [REQUEST_METHOD] => GET
    [REQUEST_URI] => /dist/images/bg.jpg
    [PATH_INFO] => /dist/images/bg.jpg
    [REQUEST_TIME] => 1548299620
    [REQUEST_TIME_FLOAT] => 1548299621.3793
    [SERVER_PORT] => 91
    [REMOTE_PORT] => 55364
    [REMOTE_ADDR] => 192.168.33.1
    [MASTER_TIME] => 1548299620
    [SERVER_PROTOCOL] => HTTP/1.1
    [SERVER_SOFTWARE] => swoole-http-server
)
Array
(
    [REQUEST_METHOD] => GET
    [REQUEST_URI] => /favicon.ico
    [PATH_INFO] => /favicon.ico
    [REQUEST_TIME] => 1548299621
    [REQUEST_TIME_FLOAT] => 1548299621.4945
    [SERVER_PORT] => 91
    [REMOTE_PORT] => 55364
    [REMOTE_ADDR] => 192.168.33.1
    [MASTER_TIME] => 1548299621
    [SERVER_PROTOCOL] => HTTP/1.1
    [SERVER_SOFTWARE] => swoole-http-server
)
Array
(
    [REQUEST_METHOD] => GET
    [REQUEST_URI] => /
    [PATH_INFO] => /
    [REQUEST_TIME] => 1548300182
    [REQUEST_TIME_FLOAT] => 1548300182.6141
    [SERVER_PORT] => 91
    [REMOTE_PORT] => 55469
    [REMOTE_ADDR] => 192.168.33.1
    [MASTER_TIME] => 1548300182
    [SERVER_PROTOCOL] => HTTP/1.1
    [SERVER_SOFTWARE] => swoole-http-server
)
Array
(
    [REQUEST_METHOD] => GET
    [REQUEST_URI] => /dist/images/bg.jpg
    [PATH_INFO] => /dist/images/bg.jpg
    [REQUEST_TIME] => 1548300182
    [REQUEST_TIME_FLOAT] => 1548300182.872
    [SERVER_PORT] => 91
    [REMOTE_PORT] => 55469
    [REMOTE_ADDR] => 192.168.33.1
    [MASTER_TIME] => 1548300182
    [SERVER_PROTOCOL] => HTTP/1.1
    [SERVER_SOFTWARE] => swoole-http-server
)
Array
(
    [REQUEST_METHOD] => GET
    [REQUEST_URI] => /favicon.ico
    [PATH_INFO] => /favicon.ico
    [REQUEST_TIME] => 1548300182
    [REQUEST_TIME_FLOAT] => 1548300183.0774
    [SERVER_PORT] => 91
    [REMOTE_PORT] => 55469
    [REMOTE_ADDR] => 192.168.33.1
    [MASTER_TIME] => 1548300182
    [SERVER_PROTOCOL] => HTTP/1.1
    [SERVER_SOFTWARE] => swoole-http-server
)
Array
(
    [REQUEST_METHOD] => GET
    [REQUEST_URI] => /
    [PATH_INFO] => /
    [REQUEST_TIME] => 1548300525
    [REQUEST_TIME_FLOAT] => 1548300525.3648
    [SERVER_PORT] => 91
    [REMOTE_PORT] => 55555
    [REMOTE_ADDR] => 192.168.33.1
    [MASTER_TIME] => 1548300525
    [SERVER_PROTOCOL] => HTTP/1.1
    [SERVER_SOFTWARE] => swoole-http-server
)
Array
(
    [REQUEST_METHOD] => GET
    [REQUEST_URI] => /dist/images/bg.jpg
    [PATH_INFO] => /dist/images/bg.jpg
    [REQUEST_TIME] => 1548300525
    [REQUEST_TIME_FLOAT] => 1548300525.5641
    [SERVER_PORT] => 91
    [REMOTE_PORT] => 55555
    [REMOTE_ADDR] => 192.168.33.1
    [MASTER_TIME] => 1548300525
    [SERVER_PROTOCOL] => HTTP/1.1
    [SERVER_SOFTWARE] => swoole-http-server
)
Array
(
    [REQUEST_METHOD] => GET
    [REQUEST_URI] => /favicon.ico
    [PATH_INFO] => /favicon.ico
    [REQUEST_TIME] => 1548300525
    [REQUEST_TIME_FLOAT] => 1548300525.7171
    [SERVER_PORT] => 91
    [REMOTE_PORT] => 55555
    [REMOTE_ADDR] => 192.168.33.1
    [MASTER_TIME] => 1548300525
    [SERVER_PROTOCOL] => HTTP/1.1
    [SERVER_SOFTWARE] => swoole-http-server
)
Array
(
    [REQUEST_METHOD] => GET
    [REQUEST_URI] => /
    [PATH_INFO] => /
    [REQUEST_TIME] => 1548300527
    [REQUEST_TIME_FLOAT] => 1548300528.1059
    [SERVER_PORT] => 91
    [REMOTE_PORT] => 55555
    [REMOTE_ADDR] => 192.168.33.1
    [MASTER_TIME] => 1548300527
    [SERVER_PROTOCOL] => HTTP/1.1
    [SERVER_SOFTWARE] => swoole-http-server
)
Array
(
    [REQUEST_METHOD] => GET
    [REQUEST_URI] => /dist/images/bg.jpg
    [PATH_INFO] => /dist/images/bg.jpg
    [REQUEST_TIME] => 1548300528
    [REQUEST_TIME_FLOAT] => 1548300528.2256
    [SERVER_PORT] => 91
    [REMOTE_PORT] => 55555
    [REMOTE_ADDR] => 192.168.33.1
    [MASTER_TIME] => 1548300528
    [SERVER_PROTOCOL] => HTTP/1.1
    [SERVER_SOFTWARE] => swoole-http-server
)
Array
(
    [REQUEST_METHOD] => GET
    [REQUEST_URI] => /favicon.ico
    [PATH_INFO] => /favicon.ico
    [REQUEST_TIME] => 1548300528
    [REQUEST_TIME_FLOAT] => 1548300528.3317
    [SERVER_PORT] => 91
    [REMOTE_PORT] => 55555
    [REMOTE_ADDR] => 192.168.33.1
    [MASTER_TIME] => 1548300528
    [SERVER_PROTOCOL] => HTTP/1.1
    [SERVER_SOFTWARE] => swoole-http-server
)
Array
(
    [REQUEST_METHOD] => GET
    [REQUEST_URI] => /
    [PATH_INFO] => /
    [REQUEST_TIME] => 1548300529
    [REQUEST_TIME_FLOAT] => 1548300530.178
    [SERVER_PORT] => 91
    [REMOTE_PORT] => 55555
    [REMOTE_ADDR] => 192.168.33.1
    [MASTER_TIME] => 1548300529
    [SERVER_PROTOCOL] => HTTP/1.1
    [SERVER_SOFTWARE] => swoole-http-server
)
Array
(
    [REQUEST_METHOD] => GET
    [REQUEST_URI] => /dist/images/bg.jpg
    [PATH_INFO] => /dist/images/bg.jpg
    [REQUEST_TIME] => 1548300530
    [REQUEST_TIME_FLOAT] => 1548300530.271
    [SERVER_PORT] => 91
    [REMOTE_PORT] => 55555
    [REMOTE_ADDR] => 192.168.33.1
    [MASTER_TIME] => 1548300530
    [SERVER_PROTOCOL] => HTTP/1.1
    [SERVER_SOFTWARE] => swoole-http-server
)
Array
(
    [REQUEST_METHOD] => GET
    [REQUEST_URI] => /favicon.ico
    [PATH_INFO] => /favicon.ico
    [REQUEST_TIME] => 1548300530
    [REQUEST_TIME_FLOAT] => 1548300530.402
    [SERVER_PORT] => 91
    [REMOTE_PORT] => 55555
    [REMOTE_ADDR] => 192.168.33.1
    [MASTER_TIME] => 1548300530
    [SERVER_PROTOCOL] => HTTP/1.1
    [SERVER_SOFTWARE] => swoole-http-server
)
